[debug] [2022-12-22T19:06:19.439Z] ----------------------------------------------------------------------
[debug] [2022-12-22T19:06:19.441Z] Command:       C:\Program Files\nodejs\node.exe C:\Users\HP\AppData\Roaming\npm\node_modules\firebase-tools\lib\bin\firebase.js deploy
[debug] [2022-12-22T19:06:19.442Z] CLI Version:   11.7.0
[debug] [2022-12-22T19:06:19.442Z] Platform:      win32
[debug] [2022-12-22T19:06:19.442Z] Node Version:  v18.10.0
[debug] [2022-12-22T19:06:19.443Z] Time:          Thu Dec 22 2022 22:06:19 GMT+0300 (Arabian Standard Time)
[debug] [2022-12-22T19:06:19.443Z] ----------------------------------------------------------------------
[debug] 
[debug] [2022-12-22T19:06:19.448Z] >>> [apiv2][query] GET https://firebase-public.firebaseio.com/cli.json [none]
[debug] [2022-12-22T19:06:19.610Z] > command requires scopes: ["email","openid","https://www.googleapis.com/auth/cloudplatformprojects.readonly","https://www.googleapis.com/auth/firebase","https://www.googleapis.com/auth/cloud-platform"]
[debug] [2022-12-22T19:06:19.611Z] > authorizing via signed-in user (p.b.sharifmohammed.2015@gmail.com)
[debug] [2022-12-22T19:06:19.611Z] [iam] checking project parts-manufacturer-fa964 for permissions ["firebase.projects.get","firebasehosting.sites.update"]
[debug] [2022-12-22T19:06:19.613Z] > refreshing access token with scopes: []
[debug] [2022-12-22T19:06:19.614Z] >>> [apiv2][query] POST https://www.googleapis.com/oauth2/v3/token [none]
[debug] [2022-12-22T19:06:19.614Z] >>> [apiv2][body] POST https://www.googleapis.com/oauth2/v3/token [omitted]
[debug] [2022-12-22T19:06:19.628Z] FetchError: request to https://firebase-public.firebaseio.com/cli.json failed, reason: getaddrinfo ENOTFOUND firebase-public.firebaseio.com
    at ClientRequest.<anonymous> (C:\Users\HP\AppData\Roaming\npm\node_modules\firebase-tools\node_modules\node-fetch\lib\index.js:1491:11)
    at ClientRequest.emit (node:events:513:28)
    at ClientRequest.emit (node:domain:489:12)
    at TLSSocket.socketErrorListener (node:_http_client:494:9)
    at TLSSocket.emit (node:events:513:28)
    at TLSSocket.emit (node:domain:489:12)
    at emitErrorNT (node:internal/streams/destroy:151:8)
    at emitErrorCloseNT (node:internal/streams/destroy:116:3)
    at process.processTicksAndRejections (node:internal/process/task_queues:82:21)
[error] 
[error] Error: Failed to make request to https://firebase-public.firebaseio.com/cli.json
[debug] [2022-12-22T19:06:19.643Z] [iam] error while checking permissions, command may fail: FirebaseError: Authentication Error: Your credentials are no longer valid. Please run firebase login --reauth

For CI servers and headless environments, generate a new token with firebase login:ci
[debug] [2022-12-22T19:06:19.644Z] > refreshing access token with scopes: []
[debug] [2022-12-22T19:06:19.645Z] >>> [apiv2][query] POST https://www.googleapis.com/oauth2/v3/token [none]
[debug] [2022-12-22T19:06:19.645Z] >>> [apiv2][body] POST https://www.googleapis.com/oauth2/v3/token [omitted]
[debug] [2022-12-22T19:06:19.665Z] Authentication Error: Your credentials are no longer valid. Please run firebase login --reauth

For CI servers and headless environments, generate a new token with firebase login:ci
[debug] [2022-12-22T19:06:19.674Z] FirebaseError: Authentication Error: Your credentials are no longer valid. Please run firebase login --reauth

For CI servers and headless environments, generate a new token with firebase login:ci
    at invalidCredentialError (C:\Users\HP\AppData\Roaming\npm\node_modules\firebase-tools\lib\auth.js:144:12)
    at refreshTokens (C:\Users\HP\AppData\Roaming\npm\node_modules\firebase-tools\lib\auth.js:508:15)
    at process.processTicksAndRejections (node:internal/process/task_queues:95:5)
    at async Client.getAccessToken (C:\Users\HP\AppData\Roaming\npm\node_modules\firebase-tools\lib\apiv2.js:149:23)
    at async Client.addAuthHeader (C:\Users\HP\AppData\Roaming\npm\node_modules\firebase-tools\lib\apiv2.js:140:21)
    at async Client.request (C:\Users\HP\AppData\Roaming\npm\node_modules\firebase-tools\lib\apiv2.js:96:34)
    at async getFirebaseProject (C:\Users\HP\AppData\Roaming\npm\node_modules\firebase-tools\lib\management\projects.js:295:21)
    at async getDefaultHostingSite (C:\Users\HP\AppData\Roaming\npm\node_modules\firebase-tools\lib\getDefaultHostingSite.js:8:21)
    at async requireHostingSite (C:\Users\HP\AppData\Roaming\npm\node_modules\firebase-tools\lib\requireHostingSite.js:9:18)
    at async Object.fn (C:\Users\HP\AppData\Roaming\npm\node_modules\firebase-tools\lib\commands\deploy.js:74:9)
    at async C:\Users\HP\AppData\Roaming\npm\node_modules\firebase-tools\lib\command.js:214:17
[error] 
[error] Error: Failed to get Firebase project parts-manufacturer-fa964. Please make sure the project exists and your account has permission to access it.
[debug] [2022-12-22T19:06:59.414Z] ----------------------------------------------------------------------
[debug] [2022-12-22T19:06:59.418Z] Command:       C:\Program Files\nodejs\node.exe C:\Users\HP\AppData\Roaming\npm\node_modules\firebase-tools\lib\bin\firebase.js deploy
[debug] [2022-12-22T19:06:59.419Z] CLI Version:   11.7.0
[debug] [2022-12-22T19:06:59.420Z] Platform:      win32
[debug] [2022-12-22T19:06:59.420Z] Node Version:  v18.10.0
[debug] [2022-12-22T19:06:59.422Z] Time:          Thu Dec 22 2022 22:06:59 GMT+0300 (Arabian Standard Time)
[debug] [2022-12-22T19:06:59.423Z] ----------------------------------------------------------------------
[debug] 
[debug] [2022-12-22T19:06:59.430Z] >>> [apiv2][query] GET https://firebase-public.firebaseio.com/cli.json [none]
[debug] [2022-12-22T19:06:59.681Z] > command requires scopes: ["email","openid","https://www.googleapis.com/auth/cloudplatformprojects.readonly","https://www.googleapis.com/auth/firebase","https://www.googleapis.com/auth/cloud-platform"]
[debug] [2022-12-22T19:06:59.682Z] > authorizing via signed-in user (p.b.sharifmohammed.2015@gmail.com)
[debug] [2022-12-22T19:06:59.682Z] [iam] checking project parts-manufacturer-fa964 for permissions ["firebase.projects.get","firebasehosting.sites.update"]
[debug] [2022-12-22T19:06:59.684Z] > refreshing access token with scopes: []
[debug] [2022-12-22T19:06:59.687Z] >>> [apiv2][query] POST https://www.googleapis.com/oauth2/v3/token [none]
[debug] [2022-12-22T19:06:59.687Z] >>> [apiv2][body] POST https://www.googleapis.com/oauth2/v3/token [omitted]
[debug] [2022-12-22T19:07:01.155Z] <<< [apiv2][status] POST https://www.googleapis.com/oauth2/v3/token 200
[debug] [2022-12-22T19:07:01.156Z] <<< [apiv2][body] POST https://www.googleapis.com/oauth2/v3/token [omitted]
[debug] [2022-12-22T19:07:01.177Z] >>> [apiv2][query] POST https://cloudresourcemanager.googleapis.com/v1/projects/parts-manufacturer-fa964:testIamPermissions [none]
[debug] [2022-12-22T19:07:01.178Z] >>> [apiv2][(partial)header] POST https://cloudresourcemanager.googleapis.com/v1/projects/parts-manufacturer-fa964:testIamPermissions x-goog-quota-user=projects/parts-manufacturer-fa964
[debug] [2022-12-22T19:07:01.179Z] >>> [apiv2][body] POST https://cloudresourcemanager.googleapis.com/v1/projects/parts-manufacturer-fa964:testIamPermissions {"permissions":["firebase.projects.get","firebasehosting.sites.update"]}
[debug] [2022-12-22T19:07:01.442Z] <<< [apiv2][status] GET https://firebase-public.firebaseio.com/cli.json 200
[debug] [2022-12-22T19:07:01.442Z] <<< [apiv2][body] GET https://firebase-public.firebaseio.com/cli.json {"cloudBuildErrorAfter":1594252800000,"cloudBuildWarnAfter":1590019200000,"defaultNode10After":1594252800000,"minVersion":"3.0.5","node8DeploysDisabledAfter":1613390400000,"node8RuntimeDisabledAfter":1615809600000,"node8WarnAfter":1600128000000}
[debug] [2022-12-22T19:07:04.302Z] <<< [apiv2][status] POST https://cloudresourcemanager.googleapis.com/v1/projects/parts-manufacturer-fa964:testIamPermissions 200
[debug] [2022-12-22T19:07:04.303Z] <<< [apiv2][body] POST https://cloudresourcemanager.googleapis.com/v1/projects/parts-manufacturer-fa964:testIamPermissions {"permissions":["firebase.projects.get","firebasehosting.sites.update"]}
[debug] [2022-12-22T19:07:04.305Z] >>> [apiv2][query] GET https://firebase.googleapis.com/v1beta1/projects/parts-manufacturer-fa964 [none]
[debug] [2022-12-22T19:07:11.363Z] <<< [apiv2][status] GET https://firebase.googleapis.com/v1beta1/projects/parts-manufacturer-fa964 200
[debug] [2022-12-22T19:07:11.364Z] <<< [apiv2][body] GET https://firebase.googleapis.com/v1beta1/projects/parts-manufacturer-fa964 {"projectId":"parts-manufacturer-fa964","projectNumber":"224171067990","displayName":"parts manufacturer","name":"projects/parts-manufacturer-fa964","resources":{"hostingSite":"parts-manufacturer-fa964"},"state":"ACTIVE","etag":"1_dab5418a-d3ec-4b05-9b47-9a740853bfab"}
[info] 
[info] === Deploying to 'parts-manufacturer-fa964'...
[info] 
[info] i  deploying hosting 
[debug] [2022-12-22T19:07:11.371Z] >>> [apiv2][query] GET https://firebase.googleapis.com/v1beta1/projects/parts-manufacturer-fa964 [none]
[debug] [2022-12-22T19:07:12.815Z] <<< [apiv2][status] GET https://firebase.googleapis.com/v1beta1/projects/parts-manufacturer-fa964 200
[debug] [2022-12-22T19:07:12.815Z] <<< [apiv2][body] GET https://firebase.googleapis.com/v1beta1/projects/parts-manufacturer-fa964 {"projectId":"parts-manufacturer-fa964","projectNumber":"224171067990","displayName":"parts manufacturer","name":"projects/parts-manufacturer-fa964","resources":{"hostingSite":"parts-manufacturer-fa964"},"state":"ACTIVE","etag":"1_dab5418a-d3ec-4b05-9b47-9a740853bfab"}
[debug] [2022-12-22T19:07:12.822Z] >>> [apiv2][query] POST https://firebasehosting.googleapis.com/v1beta1/projects/224171067990/sites/parts-manufacturer-fa964/versions [none]
[debug] [2022-12-22T19:07:12.823Z] >>> [apiv2][body] POST https://firebasehosting.googleapis.com/v1beta1/projects/224171067990/sites/parts-manufacturer-fa964/versions {"config":{"rewrites":[{"glob":"**","path":"/index.html"}]},"labels":{"deployment-tool":"cli-firebase"}}
[debug] [2022-12-22T19:07:14.967Z] <<< [apiv2][status] POST https://firebasehosting.googleapis.com/v1beta1/projects/224171067990/sites/parts-manufacturer-fa964/versions 200
[debug] [2022-12-22T19:07:14.967Z] <<< [apiv2][body] POST https://firebasehosting.googleapis.com/v1beta1/projects/224171067990/sites/parts-manufacturer-fa964/versions {"name":"projects/224171067990/sites/parts-manufacturer-fa964/versions/d96348df3e9e4d48","status":"CREATED","config":{"rewrites":[{"glob":"**","path":"/index.html"}]},"labels":{"deployment-tool":"cli-firebase"}}
[info] i  hosting[parts-manufacturer-fa964]: beginning deploy... 
[info] i  hosting[parts-manufacturer-fa964]: found 19 files in build 
[debug] [2022-12-22T19:07:15.015Z] [hosting] uploading with 200 concurrency
[debug] [2022-12-22T19:07:15.863Z] [hosting] hash cache [YnVpbGQ] stored for 19 files
[debug] [2022-12-22T19:07:15.863Z] [hosting][hash queue][FINAL] {"max":816,"min":8,"avg":65.05263157894737,"active":0,"complete":19,"success":19,"errored":0,"retried":0,"total":19,"elapsed":835}
[debug] [2022-12-22T19:07:15.864Z] >>> [apiv2][query] POST https://firebasehosting.googleapis.com/v1beta1/projects/224171067990/sites/parts-manufacturer-fa964/versions/d96348df3e9e4d48:populateFiles [none]
[debug] [2022-12-22T19:07:15.865Z] >>> [apiv2][body] POST https://firebasehosting.googleapis.com/v1beta1/projects/224171067990/sites/parts-manufacturer-fa964/versions/d96348df3e9e4d48:populateFiles {"files":{"/data.json":"50581cadd59591c3a4c7cdaf6a9d4b653cfaf0184e90657facf9eb443c0cc158","/favicon.ico":"f7b0af7765e1260c8c271a1ccd3f15d4c70f77e936f6f33e8205e68cb21b627e","/faviconuuu.ico":"eae62e993eb980ec8a25058c39d5a51feab118bd2100c4deebb2a9c158ec11f9","/logo192.png":"3ee59515172ee198f3be375979df15ac5345183e656720a381b8872b2a39dc8b","/logo512.png":"ee7e2f3fdb8209c4b6fd7bef6ba50d1b9dba30a25bb5c3126df057e1cb6f5331","/manifest.json":"aff3449bdc238776f5d6d967f19ec491b36aed5fb7f23ccff6500736fd58494a","/reveiw.json":"8ac0b395481f4228b2b49c5f85c7bd6dcc72c9344e4c1739461064aa22cb48cc","/robots.txt":"bfe106a3fb878dc83461c86818bf74fc1bdc7f28538ba613cd3e775516ce8b49","/_redirects":"ad9570b21b26001e5954948ea7672fb32b990504c96c3dd8bcf82c48832b1927","/asset-manifest.json":"c1e7025b42233bcdfaad40742752237cf79dc1b11996b24d9ca60bf1ff2adf9a","/static/js/787.aa758a27.chunk.js":"69056b03278f866fe7901848d85445686ac069432379d2e2f19894092bb01731","/static/js/787.aa758a27.chunk.js.map":"43e068b609fef58ae66f7f79258125fbbcaa713570f95b1af1081938b80b8df3","/static/js/main.a45b899d.js.LICENSE.txt":"9fc11873fb68a0e19709423431ebb205aac248d12e73c6085f3a48b78ca87394","/static/media/download (3).69502b49283f55fd33f1.jfif":"76212020e15c383bd77a88838ea8d60d240b955d792d6e6689a650d4921a02af","/index.html":"d61a80b2c83f2876428b360baffd72b3b5a3f49834514bb1d0e6dca3e5ff1cb6","/static/css/main.e2005f1a.css.map":"196f641a9481d4a75350e05b4331af755bd6af0e860d755315103b16bb27bd71","/static/css/main.e2005f1a.css":"40d37119fbdef057cc00d2e2bd9abe5d7f3f5597c614a940db67753fe7788fb5","/static/js/main.a45b899d.js":"24d1a73b595f2ca6d026917089f109363de7d9f57a4b102855b50cf0414cfe4d","/static/js/main.a45b899d.js.map":"49253f90cea2297ad0b3404733742505f81bbe7d16ccd8ead05111b79cbd3590"}}
[debug] [2022-12-22T19:07:23.571Z] <<< [apiv2][status] POST https://firebasehosting.googleapis.com/v1beta1/projects/224171067990/sites/parts-manufacturer-fa964/versions/d96348df3e9e4d48:populateFiles 200
[debug] [2022-12-22T19:07:23.574Z] <<< [apiv2][body] POST https://firebasehosting.googleapis.com/v1beta1/projects/224171067990/sites/parts-manufacturer-fa964/versions/d96348df3e9e4d48:populateFiles {"uploadUrl":"https://upload-firebasehosting.googleapis.com/upload/sites/parts-manufacturer-fa964/versions/d96348df3e9e4d48/files"}
[debug] [2022-12-22T19:07:23.575Z] [hosting][populate queue][FINAL] {"max":7715,"min":7715,"avg":7715,"active":0,"complete":1,"success":1,"errored":0,"retried":0,"total":1,"elapsed":7715}
[debug] [2022-12-22T19:07:23.576Z] [hosting] uploads queued: 0
[debug] [2022-12-22T19:07:23.577Z] [hosting][upload queue][FINAL] {"max":0,"min":9999999999,"avg":0,"active":0,"complete":0,"success":0,"errored":0,"retried":0,"total":0,"elapsed":1671736043577}
[info] +  hosting[parts-manufacturer-fa964]: file upload complete 
[debug] [2022-12-22T19:07:23.582Z] [hosting] deploy completed after 8606ms
[debug] [2022-12-22T19:07:23.593Z] [
  {
    "config": {
      "public": "build",
      "ignore": [
        "firebase.json",
        "**/.*",
        "**/node_modules/**"
      ],
      "rewrites": [
        {
          "source": "**",
          "destination": "/index.html"
        }
      ],
      "site": "parts-manufacturer-fa964"
    },
    "site": "parts-manufacturer-fa964",
    "version": "projects/224171067990/sites/parts-manufacturer-fa964/versions/d96348df3e9e4d48"
  }
]
[info] i  hosting[parts-manufacturer-fa964]: finalizing version... 
[debug] [2022-12-22T19:07:23.599Z] >>> [apiv2][query] PATCH https://firebasehosting.googleapis.com/v1beta1/projects/224171067990/sites/parts-manufacturer-fa964/versions/d96348df3e9e4d48 updateMask=status%2Cconfig
[debug] [2022-12-22T19:07:23.599Z] >>> [apiv2][body] PATCH https://firebasehosting.googleapis.com/v1beta1/projects/224171067990/sites/parts-manufacturer-fa964/versions/d96348df3e9e4d48 {"status":"FINALIZED","config":{"rewrites":[{"glob":"**","path":"/index.html"}]}}
[debug] [2022-12-22T19:07:27.331Z] <<< [apiv2][status] PATCH https://firebasehosting.googleapis.com/v1beta1/projects/224171067990/sites/parts-manufacturer-fa964/versions/d96348df3e9e4d48 200
[debug] [2022-12-22T19:07:27.332Z] <<< [apiv2][body] PATCH https://firebasehosting.googleapis.com/v1beta1/projects/224171067990/sites/parts-manufacturer-fa964/versions/d96348df3e9e4d48 {"name":"projects/224171067990/sites/parts-manufacturer-fa964/versions/d96348df3e9e4d48","status":"FINALIZED","config":{"rewrites":[{"glob":"**","path":"/index.html"}]},"labels":{"deployment-tool":"cli-firebase"},"createTime":"2022-12-22T19:06:44.513966Z","createUser":{"email":"p.b.sharifmohammed.2015@gmail.com"},"finalizeTime":"2022-12-22T19:06:55.522075Z","finalizeUser":{"email":"p.b.sharifmohammed.2015@gmail.com"}}
[debug] [2022-12-22T19:07:27.332Z] [hosting] finalized version for parts-manufacturer-fa964:[object Object]
[info] +  hosting[parts-manufacturer-fa964]: version finalized 
[info] i  hosting[parts-manufacturer-fa964]: releasing new version... 
[debug] [2022-12-22T19:07:27.336Z] >>> [apiv2][query] POST https://firebasehosting.googleapis.com/v1beta1/projects/224171067990/sites/parts-manufacturer-fa964/releases versionName=projects%2F224171067990%2Fsites%2Fparts-manufacturer-fa964%2Fversions%2Fd96348df3e9e4d48
[debug] [2022-12-22T19:07:27.336Z] >>> [apiv2][body] POST https://firebasehosting.googleapis.com/v1beta1/projects/224171067990/sites/parts-manufacturer-fa964/releases {"message":null}
[debug] [2022-12-22T19:07:30.597Z] <<< [apiv2][status] POST https://firebasehosting.googleapis.com/v1beta1/projects/224171067990/sites/parts-manufacturer-fa964/releases 200
[debug] [2022-12-22T19:07:30.597Z] <<< [apiv2][body] POST https://firebasehosting.googleapis.com/v1beta1/projects/224171067990/sites/parts-manufacturer-fa964/releases {"name":"projects/224171067990/sites/parts-manufacturer-fa964/releases/1671736018649836","version":{"name":"projects/224171067990/sites/parts-manufacturer-fa964/versions/d96348df3e9e4d48","status":"FINALIZED","config":{"rewrites":[{"glob":"**","path":"/index.html"}]},"labels":{"deployment-tool":"cli-firebase"},"createTime":"2022-12-22T19:06:44.513966Z","createUser":{"email":"p.b.sharifmohammed.2015@gmail.com","imageUrl":"https://lh3.googleusercontent.com/a/AEdFTp4Q17L71luizUm0_N8IBy7eBX_ZZjwTOW1ypAd4ig"},"finalizeTime":"2022-12-22T19:06:55.522075Z","finalizeUser":{"email":"p.b.sharifmohammed.2015@gmail.com","imageUrl":"https://lh3.googleusercontent.com/a/AEdFTp4Q17L71luizUm0_N8IBy7eBX_ZZjwTOW1ypAd4ig"}},"type":"DEPLOY","releaseTime":"2022-12-22T19:06:58.649836430Z","releaseUser":{"email":"p.b.sharifmohammed.2015@gmail.com","imageUrl":"https://lh3.googleusercontent.com/a/AEdFTp4Q17L71luizUm0_N8IBy7eBX_ZZjwTOW1ypAd4ig"}}
[debug] [2022-12-22T19:07:30.598Z] [hosting] release: {"name":"projects/224171067990/sites/parts-manufacturer-fa964/releases/1671736018649836","version":{"name":"projects/224171067990/sites/parts-manufacturer-fa964/versions/d96348df3e9e4d48","status":"FINALIZED","config":{"rewrites":[{"glob":"**","path":"/index.html"}]},"labels":{"deployment-tool":"cli-firebase"},"createTime":"2022-12-22T19:06:44.513966Z","createUser":{"email":"p.b.sharifmohammed.2015@gmail.com","imageUrl":"https://lh3.googleusercontent.com/a/AEdFTp4Q17L71luizUm0_N8IBy7eBX_ZZjwTOW1ypAd4ig"},"finalizeTime":"2022-12-22T19:06:55.522075Z","finalizeUser":{"email":"p.b.sharifmohammed.2015@gmail.com","imageUrl":"https://lh3.googleusercontent.com/a/AEdFTp4Q17L71luizUm0_N8IBy7eBX_ZZjwTOW1ypAd4ig"}},"type":"DEPLOY","releaseTime":"2022-12-22T19:06:58.649836430Z","releaseUser":{"email":"p.b.sharifmohammed.2015@gmail.com","imageUrl":"https://lh3.googleusercontent.com/a/AEdFTp4Q17L71luizUm0_N8IBy7eBX_ZZjwTOW1ypAd4ig"}}
[info] +  hosting[parts-manufacturer-fa964]: release complete 
[info] 
[info] +  Deploy complete! 
[info] 
[info] Project Console: https://console.firebase.google.com/project/parts-manufacturer-fa964/overview
[info] Hosting URL: https://parts-manufacturer-fa964.web.app
[debug] [2022-12-22T19:07:51.168Z] Error: Timed out.
    at Timeout._onTimeout (C:\Users\HP\AppData\Roaming\npm\node_modules\firebase-tools\lib\utils.js:253:49)
    at listOnTimeout (node:internal/timers:564:17)
    at process.processTimers (node:internal/timers:507:7)
[error] 
[error] Error: An unexpected error has occurred.
[debug] [2022-12-22T19:09:18.649Z] ----------------------------------------------------------------------
[debug] [2022-12-22T19:09:18.652Z] Command:       C:\Program Files\nodejs\node.exe C:\Users\HP\AppData\Roaming\npm\node_modules\firebase-tools\lib\bin\firebase.js deploy
[debug] [2022-12-22T19:09:18.653Z] CLI Version:   11.7.0
[debug] [2022-12-22T19:09:18.653Z] Platform:      win32
[debug] [2022-12-22T19:09:18.653Z] Node Version:  v18.10.0
[debug] [2022-12-22T19:09:18.654Z] Time:          Thu Dec 22 2022 22:09:18 GMT+0300 (Arabian Standard Time)
[debug] [2022-12-22T19:09:18.655Z] ----------------------------------------------------------------------
[debug] 
[debug] [2022-12-22T19:09:18.760Z] > command requires scopes: ["email","openid","https://www.googleapis.com/auth/cloudplatformprojects.readonly","https://www.googleapis.com/auth/firebase","https://www.googleapis.com/auth/cloud-platform"]
[debug] [2022-12-22T19:09:18.761Z] > authorizing via signed-in user (p.b.sharifmohammed.2015@gmail.com)
[debug] [2022-12-22T19:09:18.761Z] [iam] checking project parts-manufacturer-fa964 for permissions ["firebase.projects.get","firebasehosting.sites.update"]
[debug] [2022-12-22T19:09:18.764Z] >>> [apiv2][query] POST https://cloudresourcemanager.googleapis.com/v1/projects/parts-manufacturer-fa964:testIamPermissions [none]
[debug] [2022-12-22T19:09:18.764Z] >>> [apiv2][(partial)header] POST https://cloudresourcemanager.googleapis.com/v1/projects/parts-manufacturer-fa964:testIamPermissions x-goog-quota-user=projects/parts-manufacturer-fa964
[debug] [2022-12-22T19:09:18.764Z] >>> [apiv2][body] POST https://cloudresourcemanager.googleapis.com/v1/projects/parts-manufacturer-fa964:testIamPermissions {"permissions":["firebase.projects.get","firebasehosting.sites.update"]}
[debug] [2022-12-22T19:09:35.466Z] <<< [apiv2][status] POST https://cloudresourcemanager.googleapis.com/v1/projects/parts-manufacturer-fa964:testIamPermissions 200
[debug] [2022-12-22T19:09:35.467Z] <<< [apiv2][body] POST https://cloudresourcemanager.googleapis.com/v1/projects/parts-manufacturer-fa964:testIamPermissions {"permissions":["firebase.projects.get","firebasehosting.sites.update"]}
[debug] [2022-12-22T19:09:35.469Z] >>> [apiv2][query] GET https://firebase.googleapis.com/v1beta1/projects/parts-manufacturer-fa964 [none]
[debug] [2022-12-22T19:09:50.225Z] <<< [apiv2][status] GET https://firebase.googleapis.com/v1beta1/projects/parts-manufacturer-fa964 200
[debug] [2022-12-22T19:09:50.225Z] <<< [apiv2][body] GET https://firebase.googleapis.com/v1beta1/projects/parts-manufacturer-fa964 {"projectId":"parts-manufacturer-fa964","projectNumber":"224171067990","displayName":"parts manufacturer","name":"projects/parts-manufacturer-fa964","resources":{"hostingSite":"parts-manufacturer-fa964"},"state":"ACTIVE","etag":"1_dab5418a-d3ec-4b05-9b47-9a740853bfab"}
[info] 
[info] === Deploying to 'parts-manufacturer-fa964'...
[info] 
[info] i  deploying hosting 
[debug] [2022-12-22T19:09:50.234Z] >>> [apiv2][query] GET https://firebase.googleapis.com/v1beta1/projects/parts-manufacturer-fa964 [none]
[debug] [2022-12-22T19:10:00.755Z] <<< [apiv2][status] GET https://firebase.googleapis.com/v1beta1/projects/parts-manufacturer-fa964 200
[debug] [2022-12-22T19:10:00.756Z] <<< [apiv2][body] GET https://firebase.googleapis.com/v1beta1/projects/parts-manufacturer-fa964 {"projectId":"parts-manufacturer-fa964","projectNumber":"224171067990","displayName":"parts manufacturer","name":"projects/parts-manufacturer-fa964","resources":{"hostingSite":"parts-manufacturer-fa964"},"state":"ACTIVE","etag":"1_dab5418a-d3ec-4b05-9b47-9a740853bfab"}
[debug] [2022-12-22T19:10:00.760Z] >>> [apiv2][query] POST https://firebasehosting.googleapis.com/v1beta1/projects/224171067990/sites/parts-manufacturer-fa964/versions [none]
[debug] [2022-12-22T19:10:00.760Z] >>> [apiv2][body] POST https://firebasehosting.googleapis.com/v1beta1/projects/224171067990/sites/parts-manufacturer-fa964/versions {"config":{"rewrites":[{"glob":"**","path":"/index.html"}]},"labels":{"deployment-tool":"cli-firebase"}}
[debug] [2022-12-22T19:10:26.841Z] Error: Timed out.
    at Timeout._onTimeout (C:\Users\HP\AppData\Roaming\npm\node_modules\firebase-tools\lib\utils.js:253:49)
    at listOnTimeout (node:internal/timers:564:17)
    at process.processTimers (node:internal/timers:507:7)
[error] 
[error] Error: An unexpected error has occurred.
